<?xml version="1.0" encoding="UTF-8"?>
<!-- Generated by org.testng.reporters.JUnitReportReporter -->
<testsuite hostname="DESKTOP-TBMVCT3" failures="0" tests="1" name="com.packt.tests.AssertDemo" time="3.981" errors="0" timestamp="2025-08-30T23:01:45 IST" skipped="0">
  <testcase classname="com.packt.tests.AssertDemo" name="assertDemo" time="3.981"/>
</testsuite> <!-- com.packt.tests.AssertDemo -->
